<?xml version="1.0" encoding="UTF-8"?>
<!-- Generated by org.testng.reporters.JUnitXMLReporter -->
<testsuite ignored="0" hostname="Fahada-Lenovo-E15" failures="0" tests="8" name="Surefire test" time="61.051" errors="0" timestamp="2025-12-21T16:16:03 PKT">
  <testcase classname="com.demoqa.tests.alerts.AlertsTest" name="verifyConfirmAlert" time="0.396"/>
  <testcase classname="com.demoqa.tests.alerts.AlertsTest" name="verifySimpleAlert" time="0.257"/>
  <testcase classname="com.demoqa.tests.base.SmokeTest" name="verifyTitle" time="0.018"/>
  <testcase classname="com.demoqa.tests.bookstore.BookStoreTest" name="verifyLogin" time="0.396"/>
  <testcase classname="com.demoqa.tests.elements.ElementsTest" name="verifyTextBoxForm" time="0.492"/>
  <testcase classname="com.demoqa.tests.forms.FormsTest" name="verifyFormRegistration" time="0.484"/>
  <testcase classname="com.demoqa.tests.interactions.InteractionsTest" name="verifySortableGrid" time="0.356"/>
  <testcase classname="com.demoqa.tests.widgets.WidgetsTest" name="verifyAccordian" time="0.347"/>
</testsuite> <!-- Surefire test -->
