{"uuid":"e5c1b9af-22ca-4a87-8089-b2e2ed2f7ae2","historyId":"6927e5352bd9bc34b4b899fdf03cd030","fullName":"com.demoqa.tests.forms.FormsTest.verifyFormRegistration","labels":[{"name":"package","value":"com.demoqa.tests.forms.FormsTest"},{"name":"testClass","value":"com.demoqa.tests.forms.FormsTest"},{"name":"testMethod","value":"verifyFormRegistration"},{"name":"parentSuite","value":"Default Suite"},{"name":"suite","value":"TestNGTest-303c8c1d-ef22-4070-b407-a2a53f4ca7df"},{"name":"subSuite","value":"com.demoqa.tests.forms.FormsTest"},{"name":"host","value":"Fahada-Lenovo-E15"},{"name":"thread","value":"14680@Fahada-Lenovo-E15.main(1)"},{"name":"framework","value":"testng"},{"name":"language","value":"java"},{"name":"epic","value":"Forms"},{"name":"feature","value":"Practice Form"},{"name":"severity","value":"critical"}],"links":[],"name":"Verify Practice Form Registration","status":"broken","statusDetails":{"known":false,"muted":false,"flaky":false,"message":"Error {\n  message='Unexpected token \"\" while parsing selector \"\"\n  name='Error\n  stack='Error: Unexpected token \"\" while parsing selector \"\"\n    at unexpected (C:\\Users\\F47-LE~1\\AppData\\Local\\Temp\\playwright-java-18368172298461116737\\package\\lib\\utils\\isomorphic\\cssParser.js:68:12)\n    at consumeSimpleSelector (C:\\Users\\F47-LE~1\\AppData\\Local\\Temp\\playwright-java-18368172298461116737\\package\\lib\\utils\\isomorphic\\cssParser.js:211:51)\n    at consumeComplexSelector (C:\\Users\\F47-LE~1\\AppData\\Local\\Temp\\playwright-java-18368172298461116737\\package\\lib\\utils\\isomorphic\\cssParser.js:140:19)\n    at consumeArgument (C:\\Users\\F47-LE~1\\AppData\\Local\\Temp\\playwright-java-18368172298461116737\\package\\lib\\utils\\isomorphic\\cssParser.js:120:12)\n    at consumeFunctionArguments (C:\\Users\\F47-LE~1\\AppData\\Local\\Temp\\playwright-java-18368172298461116737\\package\\lib\\utils\\isomorphic\\cssParser.js:107:21)\n    at parseCSS (C:\\Users\\F47-LE~1\\AppData\\Local\\Temp\\playwright-java-18368172298461116737\\package\\lib\\utils\\isomorphic\\cssParser.js:228:18)\n    at parseSelector (C:\\Users\\F47-LE~1\\AppData\\Local\\Temp\\playwright-java-18368172298461116737\\package\\lib\\utils\\isomorphic\\selectorParser.js:50:49)\n    at asLocators (C:\\Users\\F47-LE~1\\AppData\\Local\\Temp\\playwright-java-18368172298461116737\\package\\lib\\utils\\isomorphic\\locatorGenerators.js:39:100)\n    at asLocator (C:\\Users\\F47-LE~1\\AppData\\Local\\Temp\\playwright-java-18368172298461116737\\package\\lib\\utils\\isomorphic\\locatorGenerators.js:28:10)\n    at Frame._asLocator (C:\\Users\\F47-LE~1\\AppData\\Local\\Temp\\playwright-java-18368172298461116737\\package\\lib\\server\\frames.js:1530:45)\n}","trace":"com.microsoft.playwright.PlaywrightException: Error {\n  message='Unexpected token \"\" while parsing selector \"\"\n  name='Error\n  stack='Error: Unexpected token \"\" while parsing selector \"\"\n    at unexpected (C:\\Users\\F47-LE~1\\AppData\\Local\\Temp\\playwright-java-18368172298461116737\\package\\lib\\utils\\isomorphic\\cssParser.js:68:12)\n    at consumeSimpleSelector (C:\\Users\\F47-LE~1\\AppData\\Local\\Temp\\playwright-java-18368172298461116737\\package\\lib\\utils\\isomorphic\\cssParser.js:211:51)\n    at consumeComplexSelector (C:\\Users\\F47-LE~1\\AppData\\Local\\Temp\\playwright-java-18368172298461116737\\package\\lib\\utils\\isomorphic\\cssParser.js:140:19)\n    at consumeArgument (C:\\Users\\F47-LE~1\\AppData\\Local\\Temp\\playwright-java-18368172298461116737\\package\\lib\\utils\\isomorphic\\cssParser.js:120:12)\n    at consumeFunctionArguments (C:\\Users\\F47-LE~1\\AppData\\Local\\Temp\\playwright-java-18368172298461116737\\package\\lib\\utils\\isomorphic\\cssParser.js:107:21)\n    at parseCSS (C:\\Users\\F47-LE~1\\AppData\\Local\\Temp\\playwright-java-18368172298461116737\\package\\lib\\utils\\isomorphic\\cssParser.js:228:18)\n    at parseSelector (C:\\Users\\F47-LE~1\\AppData\\Local\\Temp\\playwright-java-18368172298461116737\\package\\lib\\utils\\isomorphic\\selectorParser.js:50:49)\n    at asLocators (C:\\Users\\F47-LE~1\\AppData\\Local\\Temp\\playwright-java-18368172298461116737\\package\\lib\\utils\\isomorphic\\locatorGenerators.js:39:100)\n    at asLocator (C:\\Users\\F47-LE~1\\AppData\\Local\\Temp\\playwright-java-18368172298461116737\\package\\lib\\utils\\isomorphic\\locatorGenerators.js:28:10)\n    at Frame._asLocator (C:\\Users\\F47-LE~1\\AppData\\Local\\Temp\\playwright-java-18368172298461116737\\package\\lib\\server\\frames.js:1530:45)\n}\r\n\tat com.microsoft.playwright.impl.WaitableResult.get(WaitableResult.java:54)\r\n\tat com.microsoft.playwright.impl.ChannelOwner.runUntil(ChannelOwner.java:120)\r\n\tat com.microsoft.playwright.impl.Connection.sendMessage(Connection.java:129)\r\n\tat com.microsoft.playwright.impl.ChannelOwner.sendMessage(ChannelOwner.java:106)\r\n\tat com.microsoft.playwright.impl.FrameImpl.clickImpl(FrameImpl.java:252)\r\n\tat com.microsoft.playwright.impl.FrameImpl.lambda$click$8(FrameImpl.java:243)\r\n\tat com.microsoft.playwright.impl.LoggingSupport.lambda$withLogging$0(LoggingSupport.java:36)\r\n\tat com.microsoft.playwright.impl.LoggingSupport.withLogging(LoggingSupport.java:47)\r\n\tat com.microsoft.playwright.impl.ChannelOwner.withLogging(ChannelOwner.java:89)\r\n\tat com.microsoft.playwright.impl.LoggingSupport.withLogging(LoggingSupport.java:35)\r\n\tat com.microsoft.playwright.impl.FrameImpl.click(FrameImpl.java:243)\r\n\tat com.microsoft.playwright.impl.LocatorImpl.click(LocatorImpl.java:140)\r\n\tat com.microsoft.playwright.Locator.click(Locator.java:2348)\r\n\tat com.demoqa.pages.base.BasePage.click(BasePage.java:19)\r\n\tat com.demoqa.pages.forms.FormsPage.navigateToPracticeForm(FormsPage.java:23)\r\n\tat com.demoqa.tests.forms.FormsTest.verifyFormRegistration(FormsTest.java:24)\r\n\tat java.base/jdk.internal.reflect.DirectMethodHandleAccessor.invoke(Unknown Source)\r\n\tat java.base/java.lang.reflect.Method.invoke(Unknown Source)\r\n\tat org.testng.internal.invokers.MethodInvocationHelper.invokeMethod(MethodInvocationHelper.java:139)\r\n\tat org.testng.internal.invokers.TestInvoker.invokeMethod(TestInvoker.java:664)\r\n\tat org.testng.internal.invokers.TestInvoker.invokeTestMethod(TestInvoker.java:227)\r\n\tat org.testng.internal.invokers.MethodRunner.runInSequence(MethodRunner.java:50)\r\n\tat org.testng.internal.invokers.TestInvoker$MethodInvocationAgent.invoke(TestInvoker.java:957)\r\n\tat org.testng.internal.invokers.TestInvoker.invokeTestMethods(TestInvoker.java:200)\r\n\tat org.testng.internal.invokers.TestMethodWorker.invokeTestMethods(TestMethodWorker.java:148)\r\n\tat org.testng.internal.invokers.TestMethodWorker.run(TestMethodWorker.java:128)\r\n\tat java.base/java.util.ArrayList.forEach(Unknown Source)\r\n\tat org.testng.TestRunner.privateRun(TestRunner.java:848)\r\n\tat org.testng.TestRunner.run(TestRunner.java:621)\r\n\tat org.testng.SuiteRunner.runTest(SuiteRunner.java:443)\r\n\tat org.testng.SuiteRunner.runSequentially(SuiteRunner.java:437)\r\n\tat org.testng.SuiteRunner.privateRun(SuiteRunner.java:397)\r\n\tat org.testng.SuiteRunner.run(SuiteRunner.java:336)\r\n\tat org.testng.SuiteRunnerWorker.runSuite(SuiteRunnerWorker.java:52)\r\n\tat org.testng.SuiteRunnerWorker.run(SuiteRunnerWorker.java:95)\r\n\tat org.testng.TestNG.runSuitesSequentially(TestNG.java:1280)\r\n\tat org.testng.TestNG.runSuitesLocally(TestNG.java:1200)\r\n\tat org.testng.TestNG.runSuites(TestNG.java:1114)\r\n\tat org.testng.TestNG.run(TestNG.java:1082)\r\n\tat com.microsoft.java.test.runner.testng.TestNGRunner.run(TestNGRunner.java:45)\r\n\tat com.microsoft.java.test.runner.testng.TestNGLauncher.execute(TestNGLauncher.java:32)\r\n\tat com.microsoft.java.test.runner.Launcher.main(Launcher.java:57)\r\nCaused by: com.microsoft.playwright.impl.DriverException: Error {\n  message='Unexpected token \"\" while parsing selector \"\"\n  name='Error\n  stack='Error: Unexpected token \"\" while parsing selector \"\"\n    at unexpected (C:\\Users\\F47-LE~1\\AppData\\Local\\Temp\\playwright-java-18368172298461116737\\package\\lib\\utils\\isomorphic\\cssParser.js:68:12)\n    at consumeSimpleSelector (C:\\Users\\F47-LE~1\\AppData\\Local\\Temp\\playwright-java-18368172298461116737\\package\\lib\\utils\\isomorphic\\cssParser.js:211:51)\n    at consumeComplexSelector (C:\\Users\\F47-LE~1\\AppData\\Local\\Temp\\playwright-java-18368172298461116737\\package\\lib\\utils\\isomorphic\\cssParser.js:140:19)\n    at consumeArgument (C:\\Users\\F47-LE~1\\AppData\\Local\\Temp\\playwright-java-18368172298461116737\\package\\lib\\utils\\isomorphic\\cssParser.js:120:12)\n    at consumeFunctionArguments (C:\\Users\\F47-LE~1\\AppData\\Local\\Temp\\playwright-java-18368172298461116737\\package\\lib\\utils\\isomorphic\\cssParser.js:107:21)\n    at parseCSS (C:\\Users\\F47-LE~1\\AppData\\Local\\Temp\\playwright-java-18368172298461116737\\package\\lib\\utils\\isomorphic\\cssParser.js:228:18)\n    at parseSelector (C:\\Users\\F47-LE~1\\AppData\\Local\\Temp\\playwright-java-18368172298461116737\\package\\lib\\utils\\isomorphic\\selectorParser.js:50:49)\n    at asLocators (C:\\Users\\F47-LE~1\\AppData\\Local\\Temp\\playwright-java-18368172298461116737\\package\\lib\\utils\\isomorphic\\locatorGenerators.js:39:100)\n    at asLocator (C:\\Users\\F47-LE~1\\AppData\\Local\\Temp\\playwright-java-18368172298461116737\\package\\lib\\utils\\isomorphic\\locatorGenerators.js:28:10)\n    at Frame._asLocator (C:\\Users\\F47-LE~1\\AppData\\Local\\Temp\\playwright-java-18368172298461116737\\package\\lib\\server\\frames.js:1530:45)\n}\r\n\tat com.microsoft.playwright.impl.Connection.dispatch(Connection.java:257)\r\n\tat com.microsoft.playwright.impl.Connection.processOneMessage(Connection.java:209)\r\n\tat com.microsoft.playwright.impl.ChannelOwner.runUntil(ChannelOwner.java:118)\r\n\t... 40 more\r\n"},"stage":"finished","steps":[],"attachments":[],"parameters":[],"start":1766309455870,"stop":1766309455913}