<?xml version="1.0" encoding="UTF-8"?>
<testsuite xmlns:xsi="http://www.w3.org/2001/XMLSchema-instance" xsi:noNamespaceSchemaLocation="https://maven.apache.org/surefire/maven-surefire-plugin/xsd/surefire-test-report-3.0.xsd" version="3.0" name="TestSuite" time="62.75" tests="8" errors="0" skipped="0" failures="0">
  <properties>
[...]
</properties>
  <testcase name="verifyConfirmAlert" classname="com.demoqa.tests.alerts.AlertsTest" time="0.418">
    <system-out><![CDATA[16:15:14.351 [main] INFO  com.demoqa.utils.TestListener - Starting test: verifyConfirmAlert
16:15:14.428 [main] INFO  com.demoqa.pages.alerts.AlertsPage - Clicking on element: //div[3]//div[1]//div[2]//*[name()='svg']
16:15:14.604 [main] INFO  com.demoqa.pages.alerts.AlertsPage - Clicking on element: //li[@id='item-1']//span[text()='Alerts']
16:15:14.653 [main] INFO  com.demoqa.pages.alerts.AlertsPage - Clicking on element: #confirmButton
16:15:14.716 [main] INFO  com.demoqa.pages.alerts.AlertsPage - Confirm message: Do you confirm action?
]]></system-out>
  </testcase>
  <testcase name="verifySimpleAlert" classname="com.demoqa.tests.alerts.AlertsTest" time="0.258">
    <system-out><![CDATA[16:15:14.779 [main] INFO  com.demoqa.utils.TestListener - Test passed: verifyConfirmAlert
16:15:15.620 [main] INFO  com.demoqa.utils.TestListener - Screenshot saved locally: D:\Google_Experiements\DemoQA\screenshots\verifyConfirmAlert.png
16:15:15.728 [main] ERROR io.qameta.allure.AllureLifecycle - Could not add attachment: no test is running
16:15:23.049 [main] INFO  com.demoqa.utils.TestListener - Starting test: verifySimpleAlert
16:15:23.055 [main] INFO  com.demoqa.pages.alerts.AlertsPage - Clicking on element: //div[3]//div[1]//div[2]//*[name()='svg']
16:15:23.177 [main] INFO  com.demoqa.pages.alerts.AlertsPage - Clicking on element: //li[@id='item-1']//span[text()='Alerts']
16:15:23.238 [main] INFO  com.demoqa.pages.alerts.AlertsPage - Clicking on element: #alertButton
16:15:23.292 [main] INFO  com.demoqa.pages.alerts.AlertsPage - Dialog message: You clicked a button
]]></system-out>
  </testcase>
  <testcase name="verifyTitle" classname="com.demoqa.tests.base.SmokeTest" time="0.019">
    <system-out><![CDATA[16:15:23.308 [main] INFO  com.demoqa.utils.TestListener - Test passed: verifySimpleAlert
16:15:23.595 [main] INFO  com.demoqa.utils.TestListener - Screenshot saved locally: D:\Google_Experiements\DemoQA\screenshots\verifySimpleAlert.png
16:15:23.595 [main] ERROR io.qameta.allure.AllureLifecycle - Could not add attachment: no test is running
16:15:29.120 [main] INFO  com.demoqa.utils.TestListener - Starting test: verifyTitle
Page Title: DEMOQA
]]></system-out>
  </testcase>
  <testcase name="verifyLogin" classname="com.demoqa.tests.bookstore.BookStoreTest" time="0.398">
    <system-out><![CDATA[16:15:29.139 [main] INFO  com.demoqa.utils.TestListener - Test passed: verifyTitle
16:15:29.387 [main] INFO  com.demoqa.utils.TestListener - Screenshot saved locally: D:\Google_Experiements\DemoQA\screenshots\verifyTitle.png
16:15:29.387 [main] ERROR io.qameta.allure.AllureLifecycle - Could not add attachment: no test is running
16:15:34.939 [main] INFO  com.demoqa.utils.TestListener - Starting test: verifyLogin
16:15:34.943 [main] INFO  c.d.pages.bookstore.BookStorePage - Clicking on element: //h5[normalize-space()='Book Store Application']
16:15:35.129 [main] INFO  c.d.pages.bookstore.BookStorePage - Clicking on element: //li[@id='item-0']//span[text()='Login']
16:15:35.199 [main] INFO  c.d.pages.bookstore.BookStorePage - Typing 'fouad123' into element: //input[@id='userName']
16:15:35.237 [main] INFO  c.d.pages.bookstore.BookStorePage - Typing 'Fouad@123456' into element: //input[@id='password']
16:15:35.272 [main] INFO  c.d.pages.bookstore.BookStorePage - Clicking on element: #login
]]></system-out>
  </testcase>
  <testcase name="verifyTextBoxForm" classname="com.demoqa.tests.elements.ElementsTest" time="0.495">
    <system-out><![CDATA[16:15:35.338 [main] INFO  com.demoqa.utils.TestListener - Test passed: verifyLogin
16:15:35.607 [main] INFO  com.demoqa.utils.TestListener - Screenshot saved locally: D:\Google_Experiements\DemoQA\screenshots\verifyLogin.png
16:15:35.608 [main] ERROR io.qameta.allure.AllureLifecycle - Could not add attachment: no test is running
16:15:41.531 [main] INFO  com.demoqa.utils.TestListener - Starting test: verifyTextBoxForm
16:15:41.535 [main] INFO  c.demoqa.pages.elements.ElementsPage - Clicking on element: //*[name()='path' and contains(@d,'M16 132h41')]
16:15:41.691 [main] INFO  c.demoqa.pages.elements.ElementsPage - Clicking on element: //li[@id='item-0']//span[text()='Text Box']
16:15:41.795 [main] INFO  c.demoqa.pages.elements.ElementsPage - Typing 'John Doe' into element: #userName
16:15:41.826 [main] INFO  c.demoqa.pages.elements.ElementsPage - Typing 'john@example.com' into element: #userEmail
16:15:41.852 [main] INFO  c.demoqa.pages.elements.ElementsPage - Typing '123 Street' into element: #currentAddress
16:15:41.878 [main] INFO  c.demoqa.pages.elements.ElementsPage - Typing '456 Avenue' into element: #permanentAddress
16:15:41.910 [main] INFO  c.demoqa.pages.elements.ElementsPage - Clicking on element: #submit
16:15:42.016 [main] INFO  c.demoqa.pages.elements.ElementsPage - Getting text from element: #output
]]></system-out>
  </testcase>
  <testcase name="verifyFormRegistration" classname="com.demoqa.tests.forms.FormsTest" time="0.485">
    <system-out><![CDATA[16:15:42.025 [main] INFO  com.demoqa.utils.TestListener - Test passed: verifyTextBoxForm
16:15:42.487 [main] INFO  com.demoqa.utils.TestListener - Screenshot saved locally: D:\Google_Experiements\DemoQA\screenshots\verifyTextBoxForm.png
16:15:42.489 [main] ERROR io.qameta.allure.AllureLifecycle - Could not add attachment: no test is running
16:15:48.476 [main] INFO  com.demoqa.utils.TestListener - Starting test: verifyFormRegistration
16:15:48.481 [main] INFO  com.demoqa.pages.forms.FormsPage - Clicking on element: //h5[normalize-space()='Forms']
16:15:48.615 [main] INFO  com.demoqa.pages.forms.FormsPage - Clicking on element: //li[@id='item-0']//span[text()='Practice Form']
16:15:48.680 [main] INFO  com.demoqa.pages.forms.FormsPage - Typing 'Jane' into element: //input[@id='firstName']
16:15:48.704 [main] INFO  com.demoqa.pages.forms.FormsPage - Typing 'Doe' into element: //input[@id='lastName']
16:15:48.724 [main] INFO  com.demoqa.pages.forms.FormsPage - Typing 'jane@example.com' into element: //input[@id='userEmail']
16:15:48.737 [main] INFO  com.demoqa.pages.forms.FormsPage - Clicking on element: //label[contains(@for, 'gender-radio-1')]
16:15:48.846 [main] INFO  com.demoqa.pages.forms.FormsPage - Typing '1234567890' into element: //input[@id='userNumber']
16:15:48.870 [main] INFO  com.demoqa.pages.forms.FormsPage - Clicking on element: //button[@id='submit']
16:15:48.953 [main] INFO  com.demoqa.pages.forms.FormsPage - Getting text from element: #example-modal-sizes-title-lg
]]></system-out>
  </testcase>
  <testcase name="verifySortableGrid" classname="com.demoqa.tests.interactions.InteractionsTest" time="0.358">
    <system-out><![CDATA[16:15:48.961 [main] INFO  com.demoqa.utils.TestListener - Test passed: verifyFormRegistration
16:15:49.448 [main] INFO  com.demoqa.utils.TestListener - Screenshot saved locally: D:\Google_Experiements\DemoQA\screenshots\verifyFormRegistration.png
16:15:49.449 [main] ERROR io.qameta.allure.AllureLifecycle - Could not add attachment: no test is running
16:15:55.468 [main] INFO  com.demoqa.utils.TestListener - Starting test: verifySortableGrid
16:15:55.473 [main] INFO  c.d.p.interactions.InteractionsPage - Clicking on element: //h5[normalize-space()='Interactions']
16:15:55.593 [main] INFO  c.d.p.interactions.InteractionsPage - Clicking on element: //li[@id='item-0']//span[text()='Sortable']
16:15:55.669 [main] INFO  c.d.p.interactions.InteractionsPage - Clicking on element: #demo-tab-grid
]]></system-out>
  </testcase>
  <testcase name="verifyAccordian" classname="com.demoqa.tests.widgets.WidgetsTest" time="0.348">
    <system-out><![CDATA[16:15:55.826 [main] INFO  com.demoqa.utils.TestListener - Test passed: verifySortableGrid
16:15:56.162 [main] INFO  com.demoqa.utils.TestListener - Screenshot saved locally: D:\Google_Experiements\DemoQA\screenshots\verifySortableGrid.png
16:15:56.163 [main] ERROR io.qameta.allure.AllureLifecycle - Could not add attachment: no test is running
16:16:02.153 [main] INFO  com.demoqa.utils.TestListener - Starting test: verifyAccordian
16:16:02.155 [main] INFO  com.demoqa.pages.widgets.WidgetsPage - Clicking on element: //h5[normalize-space()='Widgets']
16:16:02.338 [main] INFO  com.demoqa.pages.widgets.WidgetsPage - Clicking on element: //li[@id='item-0']//span[text()='Accordian']
16:16:02.372 [main] INFO  com.demoqa.pages.widgets.WidgetsPage - Clicking on element: #section1Heading
16:16:02.451 [main] INFO  com.demoqa.pages.widgets.WidgetsPage - Clicking on element: #section1Heading
]]></system-out>
  </testcase>
</testsuite>