<?xml version="1.0" encoding="UTF-8"?>
<!-- Generated by org.testng.reporters.JUnitReportReporter -->
<testsuite hostname="Fahada-Lenovo-E15" failures="0" tests="2" name="com.demoqa.tests.alerts.AlertsTest" time="20.178" errors="0" timestamp="2025-12-21T16:16:03 PKT" skipped="0">
  <testcase classname="com.demoqa.tests.alerts.AlertsTest" name="verifySimpleAlert" time="7.316"/>
  <testcase classname="com.demoqa.tests.alerts.AlertsTest" name="verifyConfirmAlert" time="12.862"/>
</testsuite> <!-- com.demoqa.tests.alerts.AlertsTest -->
